<?xml version="1.0" encoding="UTF-8"?>
<testng-results skipped="0" failed="0" ignored="0" total="1" passed="1">
  <reporter-output>
  </reporter-output>
  <suite name="Default suite" duration-ms="697" started-at="2021-02-26T23:33:33 BDT" finished-at="2021-02-26T23:33:34 BDT">
    <groups>
    </groups>
    <test name="Default test" duration-ms="697" started-at="2021-02-26T23:33:33 BDT" finished-at="2021-02-26T23:33:34 BDT">
      <class name="com.Basic.MySqlReadData">
        <test-method status="PASS" signature="setUp()[pri:0, instance:com.Basic.MySqlReadData@6e0e048a]" name="setUp" is-config="true" duration-ms="16" started-at="2021-02-26T23:33:33 BDT" finished-at="2021-02-26T23:33:33 BDT">
          <reporter-output>
          </reporter-output>
        </test-method> <!-- setUp -->
        <test-method status="PASS" signature="printTableData()[pri:0, instance:com.Basic.MySqlReadData@6e0e048a]" name="printTableData" duration-ms="653" started-at="2021-02-26T23:33:33 BDT" finished-at="2021-02-26T23:33:34 BDT">
          <reporter-output>
          </reporter-output>
        </test-method> <!-- printTableData -->
        <test-method status="PASS" signature="tearDown()[pri:0, instance:com.Basic.MySqlReadData@6e0e048a]" name="tearDown" is-config="true" duration-ms="1" started-at="2021-02-26T23:33:34 BDT" finished-at="2021-02-26T23:33:34 BDT">
          <reporter-output>
          </reporter-output>
        </test-method> <!-- tearDown -->
      </class> <!-- com.Basic.MySqlReadData -->
    </test> <!-- Default test -->
  </suite> <!-- Default suite -->
</testng-results>
